{"$message_type":"diagnostic","message":"cannot find value `visit_count` in this scope","code":{"code":"E0425","explanation":"An unresolved name was used.\n\nErroneous code examples:\n\n```compile_fail,E0425\nsomething_that_doesnt_exist::foo;\n// error: unresolved name `something_that_doesnt_exist::foo`\n\n// or:\n\ntrait Foo {\n    fn bar() {\n        Self; // error: unresolved name `Self`\n    }\n}\n\n// or:\n\nlet x = unknown_variable;  // error: unresolved name `unknown_variable`\n```\n\nPlease verify that the name wasn't misspelled and ensure that the\nidentifier being referred to is valid for the given situation. Example:\n\n```\nenum something_that_does_exist {\n    Foo,\n}\n```\n\nOr:\n\n```\nmod something_that_does_exist {\n    pub static foo : i32 = 0i32;\n}\n\nsomething_that_does_exist::foo; // ok!\n```\n\nOr:\n\n```\nlet unknown_variable = 12u32;\nlet x = unknown_variable; // ok!\n```\n\nIf the item is not defined in the current module, it must be imported using a\n`use` statement, like so:\n\n```\n# mod foo { pub fn bar() {} }\n# fn main() {\nuse foo::bar;\nbar();\n# }\n```\n\nIf the item you are importing is not defined in some super-module of the\ncurrent module, then it must also be declared as public (e.g., `pub fn`).\n"},"level":"error","spans":[{"file_name":"src/lib.rs","byte_start":195,"byte_end":213,"line_start":8,"line_end":8,"column_start":5,"column_end":23,"is_primary":false,"text":[{"text":"    visit_count: usize,","highlight_start":5,"highlight_end":23}],"label":"a field by that name exists in `Self`","suggested_replacement":null,"suggestion_applicability":null,"expansion":null},{"file_name":"src/lib.rs","byte_start":650,"byte_end":661,"line_start":30,"line_end":30,"column_start":13,"column_end":24,"is_primary":true,"text":[{"text":"            visit_count,","highlight_start":13,"highlight_end":24}],"label":null,"suggested_replacement":null,"suggestion_applicability":null,"expansion":null}],"children":[],"rendered":"\u001b[0m\u001b[1m\u001b[38;5;9merror[E0425]\u001b[0m\u001b[0m\u001b[1m: cannot find value `visit_count` in this scope\u001b[0m\n\u001b[0m  \u001b[0m\u001b[0m\u001b[1m\u001b[38;5;12m--> \u001b[0m\u001b[0msrc/lib.rs:30:13\u001b[0m\n\u001b[0m   \u001b[0m\u001b[0m\u001b[1m\u001b[38;5;12m|\u001b[0m\n\u001b[0m\u001b[1m\u001b[38;5;12m8\u001b[0m\u001b[0m  \u001b[0m\u001b[0m\u001b[1m\u001b[38;5;12m|\u001b[0m\u001b[0m \u001b[0m\u001b[0m    visit_count: usize,\u001b[0m\n\u001b[0m   \u001b[0m\u001b[0m\u001b[1m\u001b[38;5;12m| \u001b[0m\u001b[0m    \u001b[0m\u001b[0m\u001b[1m\u001b[38;5;12m------------------\u001b[0m\u001b[0m \u001b[0m\u001b[0m\u001b[1m\u001b[38;5;12ma field by that name exists in `Self`\u001b[0m\n\u001b[0m\u001b[1m\u001b[38;5;12m...\u001b[0m\n\u001b[0m\u001b[1m\u001b[38;5;12m30\u001b[0m\u001b[0m \u001b[0m\u001b[0m\u001b[1m\u001b[38;5;12m|\u001b[0m\u001b[0m \u001b[0m\u001b[0m            visit_count,\u001b[0m\n\u001b[0m   \u001b[0m\u001b[0m\u001b[1m\u001b[38;5;12m| \u001b[0m\u001b[0m            \u001b[0m\u001b[0m\u001b[1m\u001b[38;5;9m^^^^^^^^^^^\u001b[0m\n\n"}
{"$message_type":"diagnostic","message":"missing fields `blood_pressure_change`, `height_change`, `patient_name` and 1 other field in initializer of `HealthReport<'_>`","code":{"code":"E0063","explanation":"A struct's or struct-like enum variant's field was not provided.\n\nErroneous code example:\n\n```compile_fail,E0063\nstruct Foo {\n    x: i32,\n    y: i32,\n}\n\nfn main() {\n    let x = Foo { x: 0 }; // error: missing field: `y`\n}\n```\n\nEach field should be specified exactly once. Example:\n\n```\nstruct Foo {\n    x: i32,\n    y: i32,\n}\n\nfn main() {\n    let x = Foo { x: 0, y: 0 }; // ok!\n}\n```\n"},"level":"error","spans":[{"file_name":"src/lib.rs","byte_start":904,"byte_end":916,"line_start":38,"line_end":38,"column_start":9,"column_end":21,"is_primary":true,"text":[{"text":"        HealthReport {}","highlight_start":9,"highlight_end":21}],"label":"missing `blood_pressure_change`, `height_change`, `patient_name` and 1 other field","suggested_replacement":null,"suggestion_applicability":null,"expansion":null}],"children":[],"rendered":"\u001b[0m\u001b[1m\u001b[38;5;9merror[E0063]\u001b[0m\u001b[0m\u001b[1m: missing fields `blood_pressure_change`, `height_change`, `patient_name` and 1 other field in initializer of `HealthReport<'_>`\u001b[0m\n\u001b[0m  \u001b[0m\u001b[0m\u001b[1m\u001b[38;5;12m--> \u001b[0m\u001b[0msrc/lib.rs:38:9\u001b[0m\n\u001b[0m   \u001b[0m\u001b[0m\u001b[1m\u001b[38;5;12m|\u001b[0m\n\u001b[0m\u001b[1m\u001b[38;5;12m38\u001b[0m\u001b[0m \u001b[0m\u001b[0m\u001b[1m\u001b[38;5;12m|\u001b[0m\u001b[0m \u001b[0m\u001b[0m        HealthReport {}\u001b[0m\n\u001b[0m   \u001b[0m\u001b[0m\u001b[1m\u001b[38;5;12m| \u001b[0m\u001b[0m        \u001b[0m\u001b[0m\u001b[1m\u001b[38;5;9m^^^^^^^^^^^^\u001b[0m\u001b[0m \u001b[0m\u001b[0m\u001b[1m\u001b[38;5;9mmissing `blood_pressure_change`, `height_change`, `patient_name` and 1 other field\u001b[0m\n\n"}
{"$message_type":"diagnostic","message":"cannot find function `add` in this scope","code":{"code":"E0425","explanation":"An unresolved name was used.\n\nErroneous code examples:\n\n```compile_fail,E0425\nsomething_that_doesnt_exist::foo;\n// error: unresolved name `something_that_doesnt_exist::foo`\n\n// or:\n\ntrait Foo {\n    fn bar() {\n        Self; // error: unresolved name `Self`\n    }\n}\n\n// or:\n\nlet x = unknown_variable;  // error: unresolved name `unknown_variable`\n```\n\nPlease verify that the name wasn't misspelled and ensure that the\nidentifier being referred to is valid for the given situation. Example:\n\n```\nenum something_that_does_exist {\n    Foo,\n}\n```\n\nOr:\n\n```\nmod something_that_does_exist {\n    pub static foo : i32 = 0i32;\n}\n\nsomething_that_does_exist::foo; // ok!\n```\n\nOr:\n\n```\nlet unknown_variable = 12u32;\nlet x = unknown_variable; // ok!\n```\n\nIf the item is not defined in the current module, it must be imported using a\n`use` statement, like so:\n\n```\n# mod foo { pub fn bar() {} }\n# fn main() {\nuse foo::bar;\nbar();\n# }\n```\n\nIf the item you are importing is not defined in some super-module of the\ncurrent module, then it must also be declared as public (e.g., `pub fn`).\n"},"level":"error","spans":[{"file_name":"src/lib.rs","byte_start":1158,"byte_end":1161,"line_start":53,"line_end":53,"column_start":22,"column_end":25,"is_primary":true,"text":[{"text":"        let result = add(2, 2);","highlight_start":22,"highlight_end":25}],"label":"not found in this scope","suggested_replacement":null,"suggestion_applicability":null,"expansion":null}],"children":[{"message":"use the `.` operator to call the method `std::ops::Add::add` on `{integer}`","code":null,"level":"help","spans":[{"file_name":"src/lib.rs","byte_start":1158,"byte_end":1162,"line_start":53,"line_end":53,"column_start":22,"column_end":26,"is_primary":true,"text":[{"text":"        let result = add(2, 2);","highlight_start":22,"highlight_end":26}],"label":null,"suggested_replacement":"","suggestion_applicability":"MaybeIncorrect","expansion":null},{"file_name":"src/lib.rs","byte_start":1163,"byte_end":1167,"line_start":53,"line_end":53,"column_start":27,"column_end":31,"is_primary":true,"text":[{"text":"        let result = add(2, 2);","highlight_start":27,"highlight_end":31}],"label":null,"suggested_replacement":".add(2)","suggestion_applicability":"MaybeIncorrect","expansion":null}],"children":[],"rendered":null}],"rendered":"\u001b[0m\u001b[1m\u001b[38;5;9merror[E0425]\u001b[0m\u001b[0m\u001b[1m: cannot find function `add` in this scope\u001b[0m\n\u001b[0m  \u001b[0m\u001b[0m\u001b[1m\u001b[38;5;12m--> \u001b[0m\u001b[0msrc/lib.rs:53:22\u001b[0m\n\u001b[0m   \u001b[0m\u001b[0m\u001b[1m\u001b[38;5;12m|\u001b[0m\n\u001b[0m\u001b[1m\u001b[38;5;12m53\u001b[0m\u001b[0m \u001b[0m\u001b[0m\u001b[1m\u001b[38;5;12m|\u001b[0m\u001b[0m \u001b[0m\u001b[0m        let result = add(2, 2);\u001b[0m\n\u001b[0m   \u001b[0m\u001b[0m\u001b[1m\u001b[38;5;12m| \u001b[0m\u001b[0m                     \u001b[0m\u001b[0m\u001b[1m\u001b[38;5;9m^^^\u001b[0m\u001b[0m \u001b[0m\u001b[0m\u001b[1m\u001b[38;5;9mnot found in this scope\u001b[0m\n\u001b[0m   \u001b[0m\u001b[0m\u001b[1m\u001b[38;5;12m|\u001b[0m\n\u001b[0m\u001b[1m\u001b[38;5;14mhelp\u001b[0m\u001b[0m: use the `.` operator to call the method `std::ops::Add::add` on `{integer}`\u001b[0m\n\u001b[0m   \u001b[0m\u001b[0m\u001b[1m\u001b[38;5;12m|\u001b[0m\n\u001b[0m\u001b[1m\u001b[38;5;12m53\u001b[0m\u001b[0m \u001b[0m\u001b[0m\u001b[38;5;9m- \u001b[0m\u001b[0m        let result = \u001b[0m\u001b[0m\u001b[38;5;9madd(\u001b[0m\u001b[0m2\u001b[0m\u001b[0m\u001b[38;5;9m, 2)\u001b[0m\u001b[0m;\u001b[0m\n\u001b[0m\u001b[1m\u001b[38;5;12m53\u001b[0m\u001b[0m \u001b[0m\u001b[0m\u001b[38;5;10m+ \u001b[0m\u001b[0m        let result = 2\u001b[0m\u001b[0m\u001b[38;5;10m.add(2)\u001b[0m\u001b[0m;\u001b[0m\n\u001b[0m   \u001b[0m\u001b[0m\u001b[1m\u001b[38;5;12m|\u001b[0m\n\n"}
{"$message_type":"diagnostic","message":"the trait bound `usize: std::ops::Neg` is not satisfied","code":{"code":"E0277","explanation":"You tried to use a type which doesn't implement some trait in a place which\nexpected that trait.\n\nErroneous code example:\n\n```compile_fail,E0277\n// here we declare the Foo trait with a bar method\ntrait Foo {\n    fn bar(&self);\n}\n\n// we now declare a function which takes an object implementing the Foo trait\nfn some_func<T: Foo>(foo: T) {\n    foo.bar();\n}\n\nfn main() {\n    // we now call the method with the i32 type, which doesn't implement\n    // the Foo trait\n    some_func(5i32); // error: the trait bound `i32 : Foo` is not satisfied\n}\n```\n\nIn order to fix this error, verify that the type you're using does implement\nthe trait. Example:\n\n```\ntrait Foo {\n    fn bar(&self);\n}\n\n// we implement the trait on the i32 type\nimpl Foo for i32 {\n    fn bar(&self) {}\n}\n\nfn some_func<T: Foo>(foo: T) {\n    foo.bar(); // we can now use this method since i32 implements the\n               // Foo trait\n}\n\nfn main() {\n    some_func(5i32); // ok!\n}\n```\n\nOr in a generic context, an erroneous code example would look like:\n\n```compile_fail,E0277\nfn some_func<T>(foo: T) {\n    println!(\"{:?}\", foo); // error: the trait `core::fmt::Debug` is not\n                           //        implemented for the type `T`\n}\n\nfn main() {\n    // We now call the method with the i32 type,\n    // which *does* implement the Debug trait.\n    some_func(5i32);\n}\n```\n\nNote that the error here is in the definition of the generic function. Although\nwe only call it with a parameter that does implement `Debug`, the compiler\nstill rejects the function. It must work with all possible input types. In\norder to make this example compile, we need to restrict the generic type we're\naccepting:\n\n```\nuse std::fmt;\n\n// Restrict the input type to types that implement Debug.\nfn some_func<T: fmt::Debug>(foo: T) {\n    println!(\"{:?}\", foo);\n}\n\nfn main() {\n    // Calling the method is still fine, as i32 implements Debug.\n    some_func(5i32);\n\n    // This would fail to compile now:\n    // struct WithoutDebug;\n    // some_func(WithoutDebug);\n}\n```\n\nRust only looks at the signature of the called function, as such it must\nalready specify all requirements that will be used for every type parameter.\n"},"level":"error","spans":[{"file_name":"src/lib.rs","byte_start":1341,"byte_end":1343,"line_start":59,"line_end":59,"column_start":37,"column_end":39,"is_primary":true,"text":[{"text":"        assert_eq!(bob.visit_count, -1);","highlight_start":37,"highlight_end":39}],"label":"the trait `std::ops::Neg` is not implemented for `usize`","suggested_replacement":null,"suggestion_applicability":null,"expansion":null}],"children":[{"message":"the following other types implement trait `std::ops::Neg`:\n  isize\n  i8\n  i16\n  i32\n  i64\n  i128\n  f32\n  f64\nand 8 others","code":null,"level":"help","spans":[],"children":[],"rendered":null}],"rendered":"\u001b[0m\u001b[1m\u001b[38;5;9merror[E0277]\u001b[0m\u001b[0m\u001b[1m: the trait bound `usize: std::ops::Neg` is not satisfied\u001b[0m\n\u001b[0m  \u001b[0m\u001b[0m\u001b[1m\u001b[38;5;12m--> \u001b[0m\u001b[0msrc/lib.rs:59:37\u001b[0m\n\u001b[0m   \u001b[0m\u001b[0m\u001b[1m\u001b[38;5;12m|\u001b[0m\n\u001b[0m\u001b[1m\u001b[38;5;12m59\u001b[0m\u001b[0m \u001b[0m\u001b[0m\u001b[1m\u001b[38;5;12m|\u001b[0m\u001b[0m \u001b[0m\u001b[0m        assert_eq!(bob.visit_count, -1);\u001b[0m\n\u001b[0m   \u001b[0m\u001b[0m\u001b[1m\u001b[38;5;12m| \u001b[0m\u001b[0m                                    \u001b[0m\u001b[0m\u001b[1m\u001b[38;5;9m^^\u001b[0m\u001b[0m \u001b[0m\u001b[0m\u001b[1m\u001b[38;5;9mthe trait `std::ops::Neg` is not implemented for `usize`\u001b[0m\n\u001b[0m   \u001b[0m\u001b[0m\u001b[1m\u001b[38;5;12m|\u001b[0m\n\u001b[0m   \u001b[0m\u001b[0m\u001b[1m\u001b[38;5;12m= \u001b[0m\u001b[0m\u001b[1mhelp\u001b[0m\u001b[0m: the following other types implement trait `std::ops::Neg`:\u001b[0m\n\u001b[0m             isize\u001b[0m\n\u001b[0m             i8\u001b[0m\n\u001b[0m             i16\u001b[0m\n\u001b[0m             i32\u001b[0m\n\u001b[0m             i64\u001b[0m\n\u001b[0m             i128\u001b[0m\n\u001b[0m             f32\u001b[0m\n\u001b[0m             f64\u001b[0m\n\u001b[0m           and 8 others\u001b[0m\n\n"}
{"$message_type":"diagnostic","message":"aborting due to 4 previous errors","code":null,"level":"error","spans":[],"children":[],"rendered":"\u001b[0m\u001b[1m\u001b[38;5;9merror\u001b[0m\u001b[0m\u001b[1m: aborting due to 4 previous errors\u001b[0m\n\n"}
{"$message_type":"diagnostic","message":"Some errors have detailed explanations: E0063, E0277, E0425.","code":null,"level":"failure-note","spans":[],"children":[],"rendered":"\u001b[0m\u001b[1mSome errors have detailed explanations: E0063, E0277, E0425.\u001b[0m\n"}
{"$message_type":"diagnostic","message":"For more information about an error, try `rustc --explain E0063`.","code":null,"level":"failure-note","spans":[],"children":[],"rendered":"\u001b[0m\u001b[1mFor more information about an error, try `rustc --explain E0063`.\u001b[0m\n"}
